C51 COMPILER V9.60.7.0   CODE                                                              02/22/2024 11:08:57 PAGE 1   


C51 COMPILER V9.60.7.0, COMPILATION OF MODULE CODE
OBJECT MODULE PLACED IN .\Objects\code.obj
COMPILER INVOKED BY: C:\Keil_v5\C51\BIN\C51.EXE code.c OPTIMIZE(8,SPEED) BROWSE DEBUG OBJECTEXTEND PRINT(.\Listings\code
                    -.lst) TABS(2) OBJECT(.\Objects\code.obj)

line level    source

   1          
   2          #include <reg51.h>
   3          #include <stdlib.h>
   4          
   5          void clock_rot(void);
   6          void anti_rot(void);
   7          void wave_patt(void);
   8          void random_patt(void);
   9          
  10          sbit btn_a = P0^0;
  11          sbit btn_b = P0^1;
  12          sbit btn_c = P0^2;
  13          sbit btn_d = P0^3;
  14          
  15          sbit l0 = P2^0;
  16          sbit l1 = P2^1;
  17          sbit l2 = P2^2;
  18          sbit l3 = P2^3;
  19          sbit l4 = P2^4;
  20          sbit l5 = P2^5;
  21          sbit l6 = P2^6;
  22          sbit l7 = P2^7;
  23          
  24          void delay(unsigned int t) {
  25   1          unsigned int i, j;
  26   1          for (i = 0; i < t; i++)
  27   1              for (j = 0; j < 500; j++);
  28   1      }
  29          
  30          void main() {
  31   1          P1 = 0;
  32   1          l0 = l1 = l2 = l3 = l4 = l5 = l6 = l7 = 0;
  33   1      
  34   1          while (1) {
  35   2              if (btn_a) {
  36   3                  clock_rot();
  37   3              }
  38   2              if (btn_b) {
  39   3                  anti_rot();
  40   3              }
  41   2              if (btn_c) {
  42   3                  wave_patt();
  43   3              }
  44   2              if (btn_d) {
  45   3                  random_patt();
  46   3              }
  47   2          }
  48   1      }
  49          
  50          void clock_rot() {
  51   1          P1 = 0;
  52   1          while (1) {
  53   2              l0 = 1;
  54   2              delay(100);
C51 COMPILER V9.60.7.0   CODE                                                              02/22/2024 11:08:57 PAGE 2   

  55   2              l0 = 0;
  56   2              l1 = 1;
  57   2              delay(100);
  58   2              l1 = 0;
  59   2              l2 = 1;
  60   2              delay(100);
  61   2              l2 = 0;
  62   2              l3 = 1;
  63   2              delay(100);
  64   2              l3 = 0;
  65   2              l4 = 1;
  66   2              delay(100);
  67   2              l4 = 0;
  68   2              l5 = 1;
  69   2              delay(100);
  70   2              l5 = 0;
  71   2              l6 = 1;
  72   2              delay(100);
  73   2              l6 = 0;
  74   2              l7 = 1;
  75   2              delay(100);
  76   2              l7 = 0;
  77   2              delay(100);
  78   2      
  79   2              if (btn_a == 0) {
  80   3                  break;
  81   3              }
  82   2          }
  83   1      }
  84          
  85          void anti_rot() {
  86   1          P1 = 0;
  87   1          while (1) {
  88   2              l0 = 1;
  89   2              delay(100);
  90   2              l0 = 0;
  91   2              l7 = 1;
  92   2              delay(100);
  93   2              l7 = 0;
  94   2              l6 = 1;
  95   2              delay(100);
  96   2              l6 = 0;
  97   2              l5 = 1;
  98   2              delay(100);
  99   2              l5 = 0;
 100   2              l4 = 1;
 101   2              delay(100);
 102   2              l4 = 0;
 103   2              l3 = 1;
 104   2              delay(100);
 105   2              l3 = 0;
 106   2              l2 = 1;
 107   2              delay(100);
 108   2              l2 = 0;
 109   2              l1 = 1;
 110   2              delay(100);
 111   2              l1 = 0;
 112   2              delay(100);
 113   2      
 114   2              if (btn_b == 0) {
 115   3                  break;
 116   3              }
C51 COMPILER V9.60.7.0   CODE                                                              02/22/2024 11:08:57 PAGE 3   

 117   2          }
 118   1      }
 119          
 120          void wave_patt() {
 121   1          P1 = 0;
 122   1          while (1) {
 123   2              l2 = l7 = 1;
 124   2              delay(100);
 125   2              l2 = l7 = 0;
 126   2              delay(100);
 127   2             l2 = l7 = l3 = l6 = 1;
 128   2              delay(100);
 129   2              l2 = l7  = l3 = l6 = 0;
 130   2              delay(100);
 131   2              l0 = l1 = l2 = l7  = l3 = l6 = 1;
 132   2              delay(100);
 133   2              l0 = l1 = l2 = l7  = l3 = l6= 0;
 134   2              delay(100);
 135   2              l4 = l5 = l6 = l3 = l2 = l1=l7=l0 = 1;
 136   2              delay(100);
 137   2              l4 = l5 = l6 = l3 = l2 = l1=l7=l0 = 0;
 138   2              delay(100);
 139   2      
 140   2              if (btn_c == 0) {
 141   3                  break;
 142   3              }
 143   2          }
 144   1      }
 145          
 146          void random_patt() {
 147   1          while (1) {
 148   2              int k = rand() % 3;
 149   2              if (k == 0) {
 150   3                  clock_rot();
 151   3              } else if (k == 1) {
 152   3                  anti_rot();
 153   3              } else {
 154   3                  wave_patt();
 155   3              }
 156   2      
 157   2              if (btn_d == 0) {
 158   3                  break;
 159   3              }
 160   2          }
 161   1      }
 162          
 163              


MODULE INFORMATION:   STATIC OVERLAYABLE
   CODE SIZE        =    367    ----
   CONSTANT SIZE    =   ----    ----
   XDATA SIZE       =   ----    ----
   PDATA SIZE       =   ----    ----
   DATA SIZE        =   ----       2
   IDATA SIZE       =   ----    ----
   BIT SIZE         =   ----    ----
END OF MODULE INFORMATION.


C51 COMPILATION COMPLETE.  0 WARNING(S),  0 ERROR(S)
