C51 COMPILER V9.60.7.0   COUNTER                                                           02/01/2024 11:35:00 PAGE 1   


C51 COMPILER V9.60.7.0, COMPILATION OF MODULE COUNTER
OBJECT MODULE PLACED IN .\Objects\counter.obj
COMPILER INVOKED BY: C:\Keil_v5\C51\BIN\C51.EXE counter.c OPTIMIZE(8,SPEED) BROWSE DEBUG OBJECTEXTEND PRINT(.\Listings\c
                    -ounter.lst) TABS(2) OBJECT(.\Objects\counter.obj)

line level    source

   1          
   2          #include <reg51.h>
   3          #define msec 10
   4          
   5          unsigned int arr[10] = {0x40, 0xF9, 0x24, 0x30, 0x19, 0x12, 0x02, 0xF8, 0x00, 0x10};
   6          sbit d2 = P1^0;
   7          sbit d1 = P1^1;
   8          sbit d0 = P1^2;
   9          sbit d = P1^3;
  10          unsigned int v1, v2, v3, v4,v0;
  11          
  12          void delay(unsigned int count) {
  13   1          unsigned int j, k;
  14   1          for (j = 0; j <= count; j++)
  15   1              for (k = 0; k <= 5; k++);
  16   1      }
  17          
  18          void main() {
  19   1          v1 = 9;
  20   1          v2 = 9;
  21   1          v3 = 9;
  22   1          v4 = 9;
  23   1      
  24   1          while (1) {
  25   2              P2 = 0xFF;
  26   2              d = 1;
  27   2              d2 = d0 = d1 = 0;
  28   2              P2 = arr[v1];
  29   2              delay(msec);
  30   2      
  31   2              P2 = 0xFF;
  32   2              d0 = 1;
  33   2              d1 = d = d2 = 0;
  34   2              P2 = arr[v2];
  35   2              delay(msec);
  36   2      
  37   2              P2 = 0xFF;
  38   2              d1 = 1;
  39   2              d2 = d = d0 = 0;
  40   2              P2 = arr[v3];
  41   2              delay(msec);
  42   2      
  43   2              P2 = 0xFF;
  44   2              d2 = 1;
  45   2              d1 = d = d0 = 0;
  46   2              P2 = arr[v4];
  47   2              delay(msec);
  48   2      
  49   2              if (v1 == 0 && v2 == 0 && v3 == 0 && v4 == 0) {
  50   3                  // If the counter reaches 0000, reset to 9999
  51   3                  v1 = 9;
  52   3                  v2 = 9;
  53   3                  v3 = 9;
  54   3                  v4 = 9;
C51 COMPILER V9.60.7.0   COUNTER                                                           02/01/2024 11:35:00 PAGE 2   

  55   3              } else {
  56   3                  // Decrement the counter
  57   3                  if (v0 == 0) {
  58   4                      v0 = 9;
  59   4                      if (v1 > 0) v1--;
  60   4                      else {
  61   5                          v1 = 9;
  62   5                          if (v2 > 0) v2--;
  63   5                          else {
  64   6                              v2 = 9;
  65   6                              if (v3 > 0) v3--;
  66   6                              else {
  67   7                                  v3 = 9;
  68   7                                  if (v4 > 0) v4--;
  69   7                                  else v4 = 9;
  70   7                              }
  71   6                          }
  72   5                      }
  73   4                  } else {
  74   4                      v0--;
  75   4                  }
  76   3              }
  77   2          }
  78   1      }
  79          
  80          
  81          
  82          /*
  83          #include <reg51.h>
  84          #define msec 100
  85          unsigned int arr[10]={0x40,0xF9,0x24,0x30,0x19,0x12,0x02,0xF8,0x00,0x10};
  86          sbit d2=P1^0;
  87          sbit d1=P1^1;
  88          sbit d0=P1^2;
  89          sbit d= P1^3;
  90          unsigned int v1,v2,v3,v4,v0;
  91          void delay(unsigned int count)
  92          {
  93          unsigned int j,k;
  94          for (j=0;j<=count;j++)
  95          for (k=0;k<=5;k++);
  96          }
  97          void main()
  98          {
  99           v1=v2=v3=v4=v0=0;
 100           while(1)
 101          {  
 102          {
 103               v0=v0+1;
 104          if(v0==2)
 105          {
 106          v0=1;
 107          v1=v1+1;
 108          }
 109          
 110              P2=0xFF;
 111             if(v1==10)
 112          {
 113          v1=0;
 114          v2=v2+1;
 115          }
 116          d = 1;
C51 COMPILER V9.60.7.0   COUNTER                                                           02/01/2024 11:35:00 PAGE 3   

 117          d2 = d0 = d1= 0;
 118          P2 = arr[v1];
 119          delay(msec);
 120          
 121          
 122          P2=0xFF;
 123             if(v2==10)
 124          {
 125          v2=0;
 126          v3=v3+1;
 127          }
 128          d0 = 1;
 129          d1 =d=d2= 0;
 130          P2 = arr[v2];
 131          delay(msec);
 132          
 133          
 134          P2=0xFF;
 135             if(v3==10)
 136          {
 137          v3=0;
 138          v4=v4+1;
 139          }
 140          d1 = 1;
 141          d2 =d=d0= 0;
 142          P2 = arr[v3];
 143          delay(msec);
 144          
 145          
 146          P2=0xFF;
 147          if(v4==10)
 148          {
 149          v1=0;
 150          v2=0;
 151          v3=0;
 152          v4=0;
 153              }
 154          d2 = 1;
 155          d1 =d=d0= 0;
 156          P2 = arr[v4];
 157          delay(msec);
 158          
 159          
 160          delay(msec);
 161          P2=0xFF;
 162          }
 163          }
 164          }
 165          
 166          */


MODULE INFORMATION:   STATIC OVERLAYABLE
   CODE SIZE        =    319    ----
   CONSTANT SIZE    =   ----    ----
   XDATA SIZE       =   ----    ----
   PDATA SIZE       =   ----    ----
   DATA SIZE        =     30    ----
   IDATA SIZE       =   ----    ----
   BIT SIZE         =   ----    ----
END OF MODULE INFORMATION.


C51 COMPILATION COMPLETE.  0 WARNING(S),  0 ERROR(S)
